{
  "RSpec": {
    "coverage": {
      "/home/kali/Lab7/Lab7/spec/models/mark_spec.rb": {
        "lines": [
          1,
          null,
          1,
          null,
          null
        ]
      },
      "/home/kali/Lab7/Lab7/app/models/mark.rb": {
        "lines": [
          1,
          1,
          null,
          1,
          null
        ]
      },
      "/home/kali/Lab7/Lab7/app/models/application_record.rb": {
        "lines": [
          1,
          1,
          null
        ]
      },
      "/home/kali/Lab7/Lab7/spec/models/report_spec.rb": {
        "lines": [
          1,
          null,
          1,
          null,
          null
        ]
      },
      "/home/kali/Lab7/Lab7/app/models/report.rb": {
        "lines": [
          1,
          null,
          1,
          null,
          1,
          1,
          null
        ]
      },
      "/home/kali/Lab7/Lab7/spec/requests/pages_controller_request_spec.rb": {
        "lines": [
          1,
          null,
          1,
          1,
          1,
          1,
          1,
          null,
          1,
          1,
          null,
          2,
          2,
          2,
          2,
          2,
          2,
          2,
          2,
          2,
          2,
          2,
          null,
          null
        ]
      },
      "/home/kali/Lab7/Lab7/app/controllers/pages_controller.rb": {
        "lines": [
          1,
          1,
          null,
          1,
          null,
          1,
          null,
          11,
          11,
          10,
          1,
          null,
          null,
          1,
          null,
          null,
          1,
          11,
          null,
          1,
          0,
          null,
          null,
          1,
          11,
          null,
          1,
          null,
          1,
          null,
          0,
          null,
          1,
          null,
          1,
          null,
          1,
          null,
          1,
          null,
          1,
          null,
          1,
          null,
          1,
          null,
          1,
          1,
          null,
          null,
          null
        ]
      },
      "/home/kali/Lab7/Lab7/app/controllers/application_controller.rb": {
        "lines": [
          1,
          null
        ]
      },
      "/home/kali/Lab7/Lab7/spec/requests/report_controller_request_spec.rb": {
        "lines": [
          1,
          null,
          1,
          1,
          2,
          2,
          2,
          1,
          1,
          1,
          1,
          null,
          null,
          null
        ]
      },
      "/home/kali/Lab7/Lab7/app/controllers/reports_controller.rb": {
        "lines": [
          1,
          1,
          null,
          1,
          1,
          null,
          null,
          null,
          1,
          null,
          null,
          1,
          null,
          null,
          1,
          null,
          2,
          2,
          1,
          1,
          null,
          null,
          null,
          null,
          null,
          null,
          null,
          null,
          null,
          null,
          1,
          1,
          1,
          1,
          null,
          null,
          1,
          2,
          null,
          1,
          0,
          null,
          null
        ]
      }
    },
    "timestamp": 1607444410
  }
}
